<?xml version="1.0" encoding="UTF-8"?>
<!-- Generated by org.testng.reporters.JUnitReportReporter -->
<testsuite hostname="DELL-PC" name="Com.FreeCRM.Qa.TestCases.LoginPageTest" tests="3" failures="0" timestamp="13 Jan 2020 21:22:43 GMT" time="43.886" errors="0">
  <testcase name="loginPageTitleTest" time="11.440" classname="Com.FreeCRM.Qa.TestCases.LoginPageTest"/>
  <testcase name="crmLogoImageTest" time="12.522" classname="Com.FreeCRM.Qa.TestCases.LoginPageTest"/>
  <testcase name="loginTest" time="19.924" classname="Com.FreeCRM.Qa.TestCases.LoginPageTest"/>
</testsuite> <!-- Com.FreeCRM.Qa.TestCases.LoginPageTest -->
