<?xml version="1.0" encoding="UTF-8"?>
<!-- Generated by org.testng.reporters.JUnitReportReporter -->
<testsuite hostname="DELL-PC" name="Com.FreeCRM.Qa.TestCases.LoginPageTest" tests="3" failures="0" timestamp="29 Jul 2019 21:44:34 GMT" time="38.888" errors="0">
  <testcase name="loginPageTitleTest" time="11.892" classname="Com.FreeCRM.Qa.TestCases.LoginPageTest"/>
  <testcase name="crmLogoImageTest" time="10.655" classname="Com.FreeCRM.Qa.TestCases.LoginPageTest"/>
  <testcase name="loginTest" time="16.341" classname="Com.FreeCRM.Qa.TestCases.LoginPageTest"/>
</testsuite> <!-- Com.FreeCRM.Qa.TestCases.LoginPageTest -->
