<?xml version="1.0" encoding="UTF-8"?>
<!-- Generated by org.testng.reporters.JUnitReportReporter -->
<testsuite hostname="xen-591" name="Com.FreeCRM.Qa.TestCases.LoginPageTest" tests="3" failures="0" timestamp="10 Jan 2020 10:17:35 GMT" time="64.148" errors="0">
  <testcase name="crmLogoImageTest" time="17.131" classname="Com.FreeCRM.Qa.TestCases.LoginPageTest"/>
  <testcase name="loginTest" time="31.057" classname="Com.FreeCRM.Qa.TestCases.LoginPageTest"/>
  <testcase name="loginPageTitleTest" time="15.960" classname="Com.FreeCRM.Qa.TestCases.LoginPageTest"/>
</testsuite> <!-- Com.FreeCRM.Qa.TestCases.LoginPageTest -->
