<?xml version="1.0" encoding="UTF-8"?>
<!-- Generated by org.testng.reporters.JUnitReportReporter -->
<testsuite hostname="DELL-PC" name="Com.FreeCRM.Qa.TestCases.LoginPageTest" tests="3" failures="0" timestamp="10 Jan 2020 21:13:46 GMT" time="38.126" errors="0">
  <testcase name="loginPageTitleTest" time="10.091" classname="Com.FreeCRM.Qa.TestCases.LoginPageTest"/>
  <testcase name="crmLogoImageTest" time="10.932" classname="Com.FreeCRM.Qa.TestCases.LoginPageTest"/>
  <testcase name="loginTest" time="17.103" classname="Com.FreeCRM.Qa.TestCases.LoginPageTest"/>
</testsuite> <!-- Com.FreeCRM.Qa.TestCases.LoginPageTest -->
