<?xml version="1.0" encoding="UTF-8"?>
<!-- Generated by org.testng.reporters.JUnitReportReporter -->
<testsuite hostname="DELL-PC" name="Com.FreeCRM.Qa.TestCases.HomePageTest" tests="3" failures="0" timestamp="1 Aug 2019 10:40:27 GMT" time="60.588" errors="0">
  <testcase name="clickonContacts" time="18.478" classname="Com.FreeCRM.Qa.TestCases.HomePageTest"/>
  <testcase name="validateHomePageTitle" time="24.119" classname="Com.FreeCRM.Qa.TestCases.HomePageTest"/>
  <testcase name="validateUserName" time="17.991" classname="Com.FreeCRM.Qa.TestCases.HomePageTest"/>
</testsuite> <!-- Com.FreeCRM.Qa.TestCases.HomePageTest -->
