<?xml version="1.0" encoding="UTF-8"?>
<!-- Generated by org.testng.reporters.JUnitReportReporter -->
<testsuite hostname="xen-591" name="Com.FreeCRM.Qa.TestCases.HomePageTest" tests="3" failures="0" timestamp="10 Jan 2020 10:17:35 GMT" time="127.245" errors="0">
  <testcase name="clickonContacts" time="37.325" classname="Com.FreeCRM.Qa.TestCases.HomePageTest"/>
  <testcase name="validateUserName" time="30.162" classname="Com.FreeCRM.Qa.TestCases.HomePageTest"/>
  <testcase name="validateHomePageTitle" time="59.758" classname="Com.FreeCRM.Qa.TestCases.HomePageTest"/>
</testsuite> <!-- Com.FreeCRM.Qa.TestCases.HomePageTest -->
