<?xml version="1.0" encoding="UTF-8"?>
<!-- Generated by org.testng.reporters.JUnitReportReporter -->
<testsuite hostname="DELL-PC" name="Com.FreeCRM.Qa.TestCases.HomePageTest" tests="3" failures="0" timestamp="10 Jan 2020 21:13:46 GMT" time="57.874" errors="0">
  <testcase name="validateHomePageTitle" time="16.733" classname="Com.FreeCRM.Qa.TestCases.HomePageTest"/>
  <testcase name="validateUserName" time="17.832" classname="Com.FreeCRM.Qa.TestCases.HomePageTest"/>
  <testcase name="clickonContacts" time="23.309" classname="Com.FreeCRM.Qa.TestCases.HomePageTest"/>
</testsuite> <!-- Com.FreeCRM.Qa.TestCases.HomePageTest -->
